Traceback (most recent call last):
  File "/Users/livkomen/opt/anaconda3/lib/python3.9/site-packages/jupyter_cache/executors/utils.py", line 58, in single_nb_execution
    executenb(
  File "/Users/livkomen/opt/anaconda3/lib/python3.9/site-packages/nbclient/client.py", line 1204, in execute
    return NotebookClient(nb=nb, resources=resources, km=km, **kwargs).execute()
  File "/Users/livkomen/opt/anaconda3/lib/python3.9/site-packages/nbclient/util.py", line 84, in wrapped
    return just_run(coro(*args, **kwargs))
  File "/Users/livkomen/opt/anaconda3/lib/python3.9/site-packages/nbclient/util.py", line 62, in just_run
    return loop.run_until_complete(coro)
  File "/Users/livkomen/opt/anaconda3/lib/python3.9/asyncio/base_events.py", line 647, in run_until_complete
    return future.result()
  File "/Users/livkomen/opt/anaconda3/lib/python3.9/site-packages/nbclient/client.py", line 663, in async_execute
    await self.async_execute_cell(
  File "/Users/livkomen/opt/anaconda3/lib/python3.9/site-packages/nbclient/client.py", line 965, in async_execute_cell
    await self._check_raise_for_error(cell, cell_index, exec_reply)
  File "/Users/livkomen/opt/anaconda3/lib/python3.9/site-packages/nbclient/client.py", line 862, in _check_raise_for_error
    raise CellExecutionError.from_cell_and_msg(cell, exec_reply_content)
nbclient.exceptions.CellExecutionError: An error occurred while executing the following cell:
------------------
df_wind = pd.read_csv("Wind.csv")

# figuur met een subplot maken
fig, (ax1, ax2) = plt.subplots(1, 2, figsize=(16, 6))

# een scatterplot voor de geluksscore maken
ax1.scatter(df_wind['wspd'], df_wind['Happiness'], color='#ff69b4')

# de correlatielijn toevoegen
z = np.polyfit(df_wind['wspd'], df_wind['Happiness'], 1)
p = np.poly1d(z)
ax1.plot(df_wind['wspd'], p(df_wind['wspd']), color='black', linestyle='--')

# de titel goed zetten 
ax1.set_title('7.1: Geluk en windsnelheid scatterplot', fontsize=20)
ax1.set_xlabel('Wind snelheid (km/u)')
ax1.set_ylabel('Geluksscore')

# de density plot maken 
sns.kdeplot(
    data=df_filtered[df_filtered['wspd'] < df_filtered['wspd'].quantile(0.25) ], x='wspd', y='Happiness',
    fill=True, cmap='PuRd', ax=ax2, label='Low'
)
sns.kdeplot(
    data=df_filtered[df_filtered['wspd'] > df_filtered['wspd'].quantile(0.75)], x='wspd', y='Happiness',
    fill=True, cmap='OrRd', ax=ax2, label='High'
)

# een legenda voor de density plot gemaakt met kleurtjes 
legend_elements = [
    Patch(facecolor=sns.color_palette('PuRd')[2], label='Laag'),
    Patch(facecolor=sns.color_palette('OrRd')[2], label='Hoog')
]
ax2.legend(handles=legend_elements, title='Wind Speed')

# de titel van de density plot goed maken
ax2.set_title('7.2: Geluk en windsnelheid density', fontsize=20)
ax2.set_xlabel('Wind snelheid(km/u)')
ax2.set_ylabel('Geluksscore')

# grote titel toevoegen
fig.suptitle('Geluk en windsnelheid', fontsize=30, color='#6d00df')

# lijntjes uit de plot halen, assen 
for spine in ax1.spines.values():
    spine.set_linewidth(0)
for spine in ax2.spines.values():
    spine.set_linewidth(0)

plt.tight_layout()
plt.show()
------------------

[0;31m---------------------------------------------------------------------------[0m
[0;31mNameError[0m                                 Traceback (most recent call last)
Input [0;32mIn [10][0m, in [0;36m<cell line: 20>[0;34m()[0m
[1;32m     17[0m ax1[38;5;241m.[39mset_ylabel([38;5;124m'[39m[38;5;124mGeluksscore[39m[38;5;124m'[39m)
[1;32m     19[0m [38;5;66;03m# de density plot maken [39;00m
[1;32m     20[0m sns[38;5;241m.[39mkdeplot(
[0;32m---> 21[0m     data[38;5;241m=[39m[43mdf_filtered[49m[df_filtered[[38;5;124m'[39m[38;5;124mwspd[39m[38;5;124m'[39m] [38;5;241m<[39m df_filtered[[38;5;124m'[39m[38;5;124mwspd[39m[38;5;124m'[39m][38;5;241m.[39mquantile([38;5;241m0.25[39m) ], x[38;5;241m=[39m[38;5;124m'[39m[38;5;124mwspd[39m[38;5;124m'[39m, y[38;5;241m=[39m[38;5;124m'[39m[38;5;124mHappiness[39m[38;5;124m'[39m,
[1;32m     22[0m     fill[38;5;241m=[39m[38;5;28;01mTrue[39;00m, cmap[38;5;241m=[39m[38;5;124m'[39m[38;5;124mPuRd[39m[38;5;124m'[39m, ax[38;5;241m=[39max2, label[38;5;241m=[39m[38;5;124m'[39m[38;5;124mLow[39m[38;5;124m'[39m
[1;32m     23[0m )
[1;32m     24[0m sns[38;5;241m.[39mkdeplot(
[1;32m     25[0m     data[38;5;241m=[39mdf_filtered[df_filtered[[38;5;124m'[39m[38;5;124mwspd[39m[38;5;124m'[39m] [38;5;241m>[39m df_filtered[[38;5;124m'[39m[38;5;124mwspd[39m[38;5;124m'[39m][38;5;241m.[39mquantile([38;5;241m0.75[39m)], x[38;5;241m=[39m[38;5;124m'[39m[38;5;124mwspd[39m[38;5;124m'[39m, y[38;5;241m=[39m[38;5;124m'[39m[38;5;124mHappiness[39m[38;5;124m'[39m,
[1;32m     26[0m     fill[38;5;241m=[39m[38;5;28;01mTrue[39;00m, cmap[38;5;241m=[39m[38;5;124m'[39m[38;5;124mOrRd[39m[38;5;124m'[39m, ax[38;5;241m=[39max2, label[38;5;241m=[39m[38;5;124m'[39m[38;5;124mHigh[39m[38;5;124m'[39m
[1;32m     27[0m )
[1;32m     29[0m [38;5;66;03m# een legenda voor de density plot gemaakt met kleurtjes [39;00m

[0;31mNameError[0m: name 'df_filtered' is not defined
NameError: name 'df_filtered' is not defined

